<?xml version="1.0" encoding="UTF-8"?>
<!-- Generated by org.testng.reporters.JUnitXMLReporter -->
<testsuite hostname="brainmachine.local" name="Default test" tests="172" failures="0" timestamp="6 Feb 2012 20:02:06 GMT" time="1.571" errors="0">
  <testcase name="testToTitlecase" time="0.013" classname="com.google.refine.tests.expr.functions.strings.StringCaseTests"/>
  <testcase name="testToTitlecaseInvalidParams" time="0.0010" classname="com.google.refine.tests.expr.functions.strings.StringCaseTests"/>
  <testcase name="exportSimpleXls" time="0.029" classname="com.google.refine.tests.exporters.XlsExporterTests"/>
  <testcase name="doPostCatchesExceptionFromWriter" time="0.015" classname="com.google.refine.tests.commands.util.CancelProcessesCommandTests"/>
  <testcase name="doPostFailsThrowsWithNullParameters" time="0.0010" classname="com.google.refine.tests.commands.util.CancelProcessesCommandTests"/>
  <testcase name="doPostRegressionTest" time="0.0040" classname="com.google.refine.tests.commands.util.CancelProcessesCommandTests"/>
  <testcase name="doPostThrowsIfCommand_getProjectReturnsNull" time="0.0020" classname="com.google.refine.tests.commands.util.CancelProcessesCommandTests"/>
  <testcase name="appendColumnName" time="0.0" classname="com.google.refine.tests.importers.ImporterUtilitiesTests"/>
  <testcase name="appendColumnNameFromMultipleRows" time="0.0" classname="com.google.refine.tests.importers.ImporterUtilitiesTests"/>
  <testcase name="ensureColumnsInRowExist" time="0.0" classname="com.google.refine.tests.importers.ImporterUtilitiesTests"/>
  <testcase name="ensureColumnsInRowExistDoesExpand" time="0.0010" classname="com.google.refine.tests.importers.ImporterUtilitiesTests"/>
  <testcase name="getIntegerOption" time="0.0030" classname="com.google.refine.tests.importers.ImporterUtilitiesTests"/>
  <testcase name="getIntegerOptionReturnsDefaultOnError" time="0.0020" classname="com.google.refine.tests.importers.ImporterUtilitiesTests"/>
  <testcase name="setupColumns" time="0.0" classname="com.google.refine.tests.importers.ImporterUtilitiesTests"/>
  <testcase name="canEnsureProjectSave" time="0.024" classname="com.google.refine.tests.ProjectManagerTests"/>
  <testcase name="canFlushFromCache" time="0.0040" classname="com.google.refine.tests.ProjectManagerTests"/>
  <testcase name="canRegisterProject" time="0.0010" classname="com.google.refine.tests.ProjectManagerTests"/>
  <testcase name="canSaveAllModified" time="0.017" classname="com.google.refine.tests.ProjectManagerTests"/>
  <testcase name="canSaveSomeModified" time="0.0030" classname="com.google.refine.tests.ProjectManagerTests"/>
  <testcase name="cannotSaveWhenBusy" time="0.0020" classname="com.google.refine.tests.ProjectManagerTests"/>
  <testcase name="getEngineConfigRegressionTest" time="0.0030" classname="com.google.refine.tests.commands.CommandTests"/>
  <testcase name="getEngineConfigReturnsNullWithEmptyOrBadParameterValue" time="0.0010" classname="com.google.refine.tests.commands.CommandTests"/>
  <testcase name="getEngineConfigReturnsNullWithNullEngineParameter" time="0.0010" classname="com.google.refine.tests.commands.CommandTests"/>
  <testcase name="getEngineConfigThrowsWithNullParameter" time="0.0010" classname="com.google.refine.tests.commands.CommandTests"/>
  <testcase name="getEngineRegressionTest" time="0.0010" classname="com.google.refine.tests.commands.CommandTests"/>
  <testcase name="getEngineThrowsOnNullParameter" time="0.0010" classname="com.google.refine.tests.commands.CommandTests"/>
  <testcase name="getIntegerParameterWithNullParameters" time="0.0010" classname="com.google.refine.tests.commands.CommandTests"/>
  <testcase name="getIntegerParametersRegressionTest" time="0.0020" classname="com.google.refine.tests.commands.CommandTests"/>
  <testcase name="getIntegerParametersWithIncorrectParameterName" time="0.0020" classname="com.google.refine.tests.commands.CommandTests"/>
  <testcase name="getJsonParameterRegressionTest" time="0.0020" classname="com.google.refine.tests.commands.CommandTests"/>
  <testcase name="getJsonParameterWithMalformedJson" time="0.0010" classname="com.google.refine.tests.commands.CommandTests"/>
  <testcase name="getJsonParameterWithNullParameters" time="0.0010" classname="com.google.refine.tests.commands.CommandTests"/>
  <testcase name="getProjectThrowsIfResponseHasNoOrBrokenProjectParameter" time="0.0020" classname="com.google.refine.tests.commands.CommandTests"/>
  <testcase name="getProjectThrowsWithNullParameter" time="0.0" classname="com.google.refine.tests.commands.CommandTests"/>
  <testcase name="addCellTest" time="0.0010" classname="com.google.refine.tests.importers.XmlImportUtilitiesTests"/>
  <testcase name="createColumnsFromImportTest" time="0.0010" classname="com.google.refine.tests.importers.XmlImportUtilitiesTests"/>
  <testcase name="detectPathFromTagWithNestedElementXml" time="0.0040" classname="com.google.refine.tests.importers.XmlImportUtilitiesTests"/>
  <testcase name="detectPathFromTagXmlTest" time="0.0010" classname="com.google.refine.tests.importers.XmlImportUtilitiesTests"/>
  <testcase name="detectRecordElementCanHandleWithNestedElementsXml" time="0.0010" classname="com.google.refine.tests.importers.XmlImportUtilitiesTests"/>
  <testcase name="detectRecordElementIsNullForUnfoundTagXml" time="0.0010" classname="com.google.refine.tests.importers.XmlImportUtilitiesTests"/>
  <testcase name="detectRecordElementRegressionJsonTest" time="0.025" classname="com.google.refine.tests.importers.XmlImportUtilitiesTests"/>
  <testcase name="detectRecordElementRegressionXmlTest" time="0.0010" classname="com.google.refine.tests.importers.XmlImportUtilitiesTests"/>
  <testcase name="detectRecordElementXmlTest" time="0.0020" classname="com.google.refine.tests.importers.XmlImportUtilitiesTests"/>
  <testcase name="findRecordTestXml" time="0.015" classname="com.google.refine.tests.importers.XmlImportUtilitiesTests"/>
  <testcase name="importTreeDataXmlTest" time="0.0060" classname="com.google.refine.tests.importers.XmlImportUtilitiesTests"/>
  <testcase name="importXmlWithVaryingStructureTest" time="0.0060" classname="com.google.refine.tests.importers.XmlImportUtilitiesTests"/>
  <testcase name="processRecordTestDuplicateColumnsXml" time="0.0020" classname="com.google.refine.tests.importers.XmlImportUtilitiesTests"/>
  <testcase name="processRecordTestNestedElementXml" time="0.0020" classname="com.google.refine.tests.importers.XmlImportUtilitiesTests"/>
  <testcase name="processRecordTestXml" time="0.0010" classname="com.google.refine.tests.importers.XmlImportUtilitiesTests"/>
  <testcase name="processSubRecordTestXml" time="0.0020" classname="com.google.refine.tests.importers.XmlImportUtilitiesTests"/>
  <testcase name="evaluateJsonStringToObjectRegressionTest" time="0.0010" classname="com.google.refine.tests.util.ParsingUtilitiesTests"/>
  <testcase name="evaluateJsonStringToObjectWithMalformedParameters" time="0.0010" classname="com.google.refine.tests.util.ParsingUtilitiesTests"/>
  <testcase name="evaluateJsonStringToObjectWithNullParameters" time="0.0010" classname="com.google.refine.tests.util.ParsingUtilitiesTests"/>
  <testcase name="doDeleteRegressionTest" time="0.0030" classname="com.google.refine.tests.RefineServletTests"/>
  <testcase name="doDeleteReturns404WhenCommandNotFound" time="0.0020" classname="com.google.refine.tests.RefineServletTests"/>
  <testcase name="doGetRegressionTest" time="0.0020" classname="com.google.refine.tests.RefineServletTests"/>
  <testcase name="doGetReturnsError404WhenCommandNotFound" time="0.0020" classname="com.google.refine.tests.RefineServletTests"/>
  <testcase name="doPostRegressionTest" time="0.0020" classname="com.google.refine.tests.RefineServletTests"/>
  <testcase name="doPostReturns404WhenCommandNotFound" time="0.0010" classname="com.google.refine.tests.RefineServletTests"/>
  <testcase name="doPutRegressionTest" time="0.0020" classname="com.google.refine.tests.RefineServletTests"/>
  <testcase name="doPutReturns404WhenCommandNotFound" time="0.0010" classname="com.google.refine.tests.RefineServletTests"/>
  <testcase name="getCommandNameHandlesBadCommandName" time="0.0010" classname="com.google.refine.tests.RefineServletTests"/>
  <testcase name="exportEmptyTemplate" time="0.0030" classname="com.google.refine.tests.exporters.TemplatingExporterTests"/>
  <testcase name="exportSimpleTemplate" time="0.0030" classname="com.google.refine.tests.exporters.TemplatingExporterTests"/>
  <testcase name="exportTemplateWithEmptyCells" time="0.0020" classname="com.google.refine.tests.exporters.TemplatingExporterTests"/>
  <testcase name="exportTemplateWithLimit" time="0.0020" classname="com.google.refine.tests.exporters.TemplatingExporterTests"/>
  <testcase name="exportCsvWithComma" time="0.0040" classname="com.google.refine.tests.exporters.CsvExporterTests"/>
  <testcase name="exportCsvWithEmptyCells" time="0.0010" classname="com.google.refine.tests.exporters.CsvExporterTests"/>
  <testcase name="exportCsvWithLineBreaks" time="0.0010" classname="com.google.refine.tests.exporters.CsvExporterTests"/>
  <testcase name="exportCsvWithQuote" time="0.0010" classname="com.google.refine.tests.exporters.CsvExporterTests"/>
  <testcase name="exportDateColumns" time="0.0020" classname="com.google.refine.tests.exporters.CsvExporterTests"/>
  <testcase name="exportSimpleCsv" time="0.0010" classname="com.google.refine.tests.exporters.CsvExporterTests"/>
  <testcase name="exportSimpleCsvNoHeader" time="0.0010" classname="com.google.refine.tests.exporters.CsvExporterTests"/>
  <testcase name="ignoreQuotes" time="0.01" classname="com.google.refine.tests.importers.TsvCsvImporterTests"/>
  <testcase name="ignoreQuotes" time="0.0060" classname="com.google.refine.tests.importers.TsvCsvImporterTests"/>
  <testcase name="ignoreQuotes" time="0.0060" classname="com.google.refine.tests.importers.TsvCsvImporterTests"/>
  <testcase name="readCanAddNull" time="0.0060" classname="com.google.refine.tests.importers.TsvCsvImporterTests"/>
  <testcase name="readCanAddNull" time="0.0060" classname="com.google.refine.tests.importers.TsvCsvImporterTests"/>
  <testcase name="readCanAddNull" time="0.0050" classname="com.google.refine.tests.importers.TsvCsvImporterTests"/>
  <testcase name="readCsvWithProperties" time="0.0060" classname="com.google.refine.tests.importers.TsvCsvImporterTests"/>
  <testcase name="readCsvWithPropertiesIgnoreQuotes" time="0.0060" classname="com.google.refine.tests.importers.TsvCsvImporterTests"/>
  <testcase name="readDoesNotTrimLeadingTrailingWhitespace" time="0.0040" classname="com.google.refine.tests.importers.TsvCsvImporterTests"/>
  <testcase name="readDoesNotTrimLeadingTrailingWhitespace" time="0.0050" classname="com.google.refine.tests.importers.TsvCsvImporterTests"/>
  <testcase name="readDoesNotTrimLeadingTrailingWhitespace" time="0.0060" classname="com.google.refine.tests.importers.TsvCsvImporterTests"/>
  <testcase name="readDoesNotTrimLeadingWhitespace" time="0.0040" classname="com.google.refine.tests.importers.TsvCsvImporterTests"/>
  <testcase name="readDoesNotTrimLeadingWhitespace" time="0.0050" classname="com.google.refine.tests.importers.TsvCsvImporterTests"/>
  <testcase name="readDoesNotTrimLeadingWhitespace" time="0.0060" classname="com.google.refine.tests.importers.TsvCsvImporterTests"/>
  <testcase name="readIgnore3_Header2_Skip1" time="0.0050" classname="com.google.refine.tests.importers.TsvCsvImporterTests"/>
  <testcase name="readIgnore3_Header2_Skip1" time="0.0050" classname="com.google.refine.tests.importers.TsvCsvImporterTests"/>
  <testcase name="readIgnore3_Header2_Skip1" time="0.0050" classname="com.google.refine.tests.importers.TsvCsvImporterTests"/>
  <testcase name="readIgnore3_Header2_Skip2_limit2" time="0.0050" classname="com.google.refine.tests.importers.TsvCsvImporterTests"/>
  <testcase name="readIgnore3_Header2_Skip2_limit2" time="0.0040" classname="com.google.refine.tests.importers.TsvCsvImporterTests"/>
  <testcase name="readIgnore3_Header2_Skip2_limit2" time="0.0040" classname="com.google.refine.tests.importers.TsvCsvImporterTests"/>
  <testcase name="readIgnoreFirstLine" time="0.0060" classname="com.google.refine.tests.importers.TsvCsvImporterTests"/>
  <testcase name="readIgnoreFirstLine" time="0.0040" classname="com.google.refine.tests.importers.TsvCsvImporterTests"/>
  <testcase name="readIgnoreFirstLine" time="0.0050" classname="com.google.refine.tests.importers.TsvCsvImporterTests"/>
  <testcase name="readJustColumns" time="0.0050" classname="com.google.refine.tests.importers.TsvCsvImporterTests"/>
  <testcase name="readJustColumns" time="0.0040" classname="com.google.refine.tests.importers.TsvCsvImporterTests"/>
  <testcase name="readJustColumns" time="0.0040" classname="com.google.refine.tests.importers.TsvCsvImporterTests"/>
  <testcase name="readQuotedData" time="0.0050" classname="com.google.refine.tests.importers.TsvCsvImporterTests"/>
  <testcase name="readQuotedData" time="0.0050" classname="com.google.refine.tests.importers.TsvCsvImporterTests"/>
  <testcase name="readQuotedData" time="0.0050" classname="com.google.refine.tests.importers.TsvCsvImporterTests"/>
  <testcase name="readSimpleData_0Header_1Row" time="0.0050" classname="com.google.refine.tests.importers.TsvCsvImporterTests"/>
  <testcase name="readSimpleData_0Header_1Row" time="0.0040" classname="com.google.refine.tests.importers.TsvCsvImporterTests"/>
  <testcase name="readSimpleData_0Header_1Row" time="0.01" classname="com.google.refine.tests.importers.TsvCsvImporterTests"/>
  <testcase name="readSimpleData_2Header_1Row" time="0.0050" classname="com.google.refine.tests.importers.TsvCsvImporterTests"/>
  <testcase name="readSimpleData_2Header_1Row" time="0.0050" classname="com.google.refine.tests.importers.TsvCsvImporterTests"/>
  <testcase name="readSimpleData_2Header_1Row" time="0.0050" classname="com.google.refine.tests.importers.TsvCsvImporterTests"/>
  <testcase name="readSimpleData_CSV_1Header_1Row" time="0.0050" classname="com.google.refine.tests.importers.TsvCsvImporterTests"/>
  <testcase name="readSimpleData_CSV_1Header_1Row" time="0.0050" classname="com.google.refine.tests.importers.TsvCsvImporterTests"/>
  <testcase name="readSimpleData_CSV_1Header_1Row" time="0.0050" classname="com.google.refine.tests.importers.TsvCsvImporterTests"/>
  <testcase name="readSimpleData_CSV_1Header_1Row_GuessValues" time="0.0060" classname="com.google.refine.tests.importers.TsvCsvImporterTests"/>
  <testcase name="readSimpleData_CSV_1Header_1Row_GuessValues" time="0.0060" classname="com.google.refine.tests.importers.TsvCsvImporterTests"/>
  <testcase name="readSimpleData_CSV_1Header_1Row_GuessValues" time="0.0060" classname="com.google.refine.tests.importers.TsvCsvImporterTests"/>
  <testcase name="readSimpleData_RowLongerThanHeader" time="0.0050" classname="com.google.refine.tests.importers.TsvCsvImporterTests"/>
  <testcase name="readSimpleData_RowLongerThanHeader" time="0.0040" classname="com.google.refine.tests.importers.TsvCsvImporterTests"/>
  <testcase name="readSimpleData_RowLongerThanHeader" time="0.0050" classname="com.google.refine.tests.importers.TsvCsvImporterTests"/>
  <testcase name="readSkipFirstDataLine" time="0.0060" classname="com.google.refine.tests.importers.TsvCsvImporterTests"/>
  <testcase name="readSkipFirstDataLine" time="0.0040" classname="com.google.refine.tests.importers.TsvCsvImporterTests"/>
  <testcase name="readSkipFirstDataLine" time="0.0050" classname="com.google.refine.tests.importers.TsvCsvImporterTests"/>
  <testcase name="readWithMultiLinedQuotedData" time="0.0050" classname="com.google.refine.tests.importers.TsvCsvImporterTests"/>
  <testcase name="readWithMultiLinedQuotedData" time="0.0030" classname="com.google.refine.tests.importers.TsvCsvImporterTests"/>
  <testcase name="readWithMultiLinedQuotedData" time="0.0030" classname="com.google.refine.tests.importers.TsvCsvImporterTests"/>
  <testcase name="readWithMultiLinedQuotedDataAndBlankLines" time="0.0040" classname="com.google.refine.tests.importers.TsvCsvImporterTests"/>
  <testcase name="readWithMultiLinedQuotedDataAndBlankLines" time="0.0030" classname="com.google.refine.tests.importers.TsvCsvImporterTests"/>
  <testcase name="readWithMultiLinedQuotedDataAndBlankLines" time="0.0030" classname="com.google.refine.tests.importers.TsvCsvImporterTests"/>
  <testcase name="CanParseMultiLineMultiPredicatesTriple" time="0.042" classname="com.google.refine.tests.importers.RdfTripleImporterTests"/>
  <testcase name="CanParseMultiLineTriple" time="0.0040" classname="com.google.refine.tests.importers.RdfTripleImporterTests"/>
  <testcase name="CanParseTripleWithValue" time="0.018" classname="com.google.refine.tests.importers.RdfTripleImporterTests"/>
  <testcase name="canParseDeeplyNestedSample" time="0.0050" classname="com.google.refine.tests.importers.XmlImporterTests"/>
  <testcase name="canParseSample" time="0.0040" classname="com.google.refine.tests.importers.XmlImporterTests"/>
  <testcase name="canParseSampleWithDuplicateNestedElements" time="0.0050" classname="com.google.refine.tests.importers.XmlImporterTests"/>
  <testcase name="canParseSampleWithMixedElement" time="0.0030" classname="com.google.refine.tests.importers.XmlImporterTests"/>
  <testcase name="testCanParseLineBreak" time="0.0040" classname="com.google.refine.tests.importers.XmlImporterTests"/>
  <testcase name="testElementWithNestedTree" time="0.0040" classname="com.google.refine.tests.importers.XmlImporterTests"/>
  <testcase name="testElementsWithVaryingStructure" time="0.0040" classname="com.google.refine.tests.importers.XmlImporterTests"/>
  <testcase name="readFixedWidth" time="0.0060" classname="com.google.refine.tests.importers.FixedWidthImporterTests"/>
  <testcase name="EnsureJSONParserHandlesgetLocalNameCorrectly" time="0.0" classname="com.google.refine.tests.importers.JsonImporterTests"/>
  <testcase name="canParseSample" time="0.0060" classname="com.google.refine.tests.importers.JsonImporterTests"/>
  <testcase name="canParseSampleWithDuplicateNestedElements" time="0.0030" classname="com.google.refine.tests.importers.JsonImporterTests"/>
  <testcase name="testCanParseLineBreak" time="0.0010" classname="com.google.refine.tests.importers.JsonImporterTests"/>
  <testcase name="testElementWithMqlReadOutput" time="0.0040" classname="com.google.refine.tests.importers.JsonImporterTests"/>
  <testcase name="testElementWithNestedTree" time="0.0030" classname="com.google.refine.tests.importers.JsonImporterTests"/>
  <testcase name="testElementsWithVaryingStructure" time="0.0020" classname="com.google.refine.tests.importers.JsonImporterTests"/>
  <testcase name="testJSONMinimumArray" time="0.0020" classname="com.google.refine.tests.importers.JsonImporterTests"/>
  <testcase name="wordDistance" time="0.0010" classname="com.google.refine.tests.model.ReconTests"/>
  <testcase name="wordDistanceOnlyStopwords" time="0.0010" classname="com.google.refine.tests.model.ReconTests"/>
  <testcase name="exportHtmlTableWithEmptyCells" time="0.0010" classname="com.google.refine.tests.exporters.HtmlExporterTests"/>
  <testcase name="exportSimpleHtmlTable" time="0.0010" classname="com.google.refine.tests.exporters.HtmlExporterTests"/>
  <testcase name="exportSimpleTsv" time="0.0010" classname="com.google.refine.tests.exporters.TsvExporterTests"/>
  <testcase name="exportSimpleTsvNoHeader" time="0.0010" classname="com.google.refine.tests.exporters.TsvExporterTests"/>
  <testcase name="exportTsvWithComma" time="0.0010" classname="com.google.refine.tests.exporters.TsvExporterTests"/>
  <testcase name="exportTsvWithEmptyCells" time="0.0" classname="com.google.refine.tests.exporters.TsvExporterTests"/>
  <testcase name="exportTsvWithLineBreaks" time="0.0010" classname="com.google.refine.tests.exporters.TsvExporterTests"/>
  <testcase name="exportTsvWithQuote" time="0.0010" classname="com.google.refine.tests.exporters.TsvExporterTests"/>
  <testcase name="testEvalError" time="0.0010" classname="com.google.refine.tests.grel.GrelTests"/>
  <testcase name="testInvalidSyntax" time="0.0010" classname="com.google.refine.tests.grel.GrelTests"/>
  <testcase name="testMath" time="0.0" classname="com.google.refine.tests.grel.GrelTests"/>
  <testcase name="testPI" time="0.0010" classname="com.google.refine.tests.grel.GrelTests"/>
  <testcase name="testString" time="0.0010" classname="com.google.refine.tests.grel.GrelTests"/>
  <testcase name="readXls" time="0.059" classname="com.google.refine.tests.importers.ExcelImporterTests"/>
  <testcase name="blankCell" time="0.0" classname="com.google.refine.tests.model.RowTests"/>
  <testcase name="duplicateRow" time="0.0" classname="com.google.refine.tests.model.RowTests"/>
  <testcase name="emptyRow" time="0.0" classname="com.google.refine.tests.model.RowTests"/>
  <testcase name="getFlaggedField" time="0.0" classname="com.google.refine.tests.model.RowTests"/>
  <testcase name="getStarredField" time="0.0" classname="com.google.refine.tests.model.RowTests"/>
  <testcase name="nonBlankCell" time="0.0010" classname="com.google.refine.tests.model.RowTests"/>
  <testcase name="notEmptyRow" time="0.0" classname="com.google.refine.tests.model.RowTests"/>
  <testcase name="saveRow" time="0.0" classname="com.google.refine.tests.model.RowTests"/>
  <testcase name="saveRowWithRecordIndex" time="0.0010" classname="com.google.refine.tests.model.RowTests"/>
  <testcase name="toStringTest" time="0.0010" classname="com.google.refine.tests.model.RowTests"/>
  <testcase name="canAddEntry" time="0.0050" classname="com.google.refine.tests.history.HistoryTests"/>
</testsuite>
